<?xml version="1.0" encoding="UTF-8"?>
<testng-results ignored="3" total="4" passed="1" failed="0" skipped="0">
  <reporter-output>
  </reporter-output>
  <suite started-at="2022-11-15T09:54:03 IST" name="Suite" finished-at="2022-11-15T09:54:10 IST" duration-ms="6955">
    <groups>
      <group name="ErrorHandling">
        <method signature="ErrorValidationTest.LoginErrorValidation()[pri:0, instance:AutomationTraining.Tests.ErrorValidationTest@742ff096]" name="LoginErrorValidation" class="AutomationTraining.Tests.ErrorValidationTest"/>
      </group> <!-- ErrorHandling -->
    </groups>
    <test started-at="2022-11-15T09:54:03 IST" name="SubmitOrderTest" finished-at="2022-11-15T09:54:03 IST" duration-ms="13">
    </test> <!-- SubmitOrderTest -->
    <test started-at="2022-11-15T09:54:03 IST" name="ErrorValidationTest" finished-at="2022-11-15T09:54:10 IST" duration-ms="6955">
      <class name="AutomationTraining.Tests.ErrorValidationTest">
        <test-method is-config="true" signature="lauchApplication()[pri:0, instance:AutomationTraining.Tests.ErrorValidationTest@742ff096]" started-at="2022-11-15T09:54:03 IST" name="lauchApplication" finished-at="2022-11-15T09:54:08 IST" duration-ms="5688" status="PASS">
          <reporter-output>
          </reporter-output>
        </test-method> <!-- lauchApplication -->
        <test-method signature="LoginErrorValidation()[pri:0, instance:AutomationTraining.Tests.ErrorValidationTest@742ff096]" started-at="2022-11-15T09:54:08 IST" name="LoginErrorValidation" finished-at="2022-11-15T09:54:09 IST" duration-ms="1027" status="PASS">
          <reporter-output>
          </reporter-output>
        </test-method> <!-- LoginErrorValidation -->
        <test-method is-config="true" signature="tearDown()[pri:0, instance:AutomationTraining.Tests.ErrorValidationTest@742ff096]" started-at="2022-11-15T09:54:09 IST" name="tearDown" finished-at="2022-11-15T09:54:10 IST" duration-ms="181" status="PASS">
          <reporter-output>
          </reporter-output>
        </test-method> <!-- tearDown -->
      </class> <!-- AutomationTraining.Tests.ErrorValidationTest -->
    </test> <!-- ErrorValidationTest -->
  </suite> <!-- Suite -->
</testng-results>
