<?xml version="1.0" encoding="UTF-8"?>
<testng-results ignored="3" total="5" passed="2" failed="0" skipped="0">
  <reporter-output>
  </reporter-output>
  <suite started-at="2022-11-16T08:42:41 IST" name="Suite" finished-at="2022-11-16T08:43:00 IST" duration-ms="19583">
    <groups>
      <group name="Purchase">
        <method signature="SubmitOrderTest.submitOrder(java.util.HashMap)[pri:0, instance:AutomationTraining.Tests.SubmitOrderTest@791f145a]" name="submitOrder" class="AutomationTraining.Tests.SubmitOrderTest"/>
      </group> <!-- Purchase -->
    </groups>
    <test started-at="2022-11-16T08:42:41 IST" name="ErrorValidationTest" finished-at="2022-11-16T08:42:41 IST" duration-ms="12">
    </test> <!-- ErrorValidationTest -->
    <test started-at="2022-11-16T08:42:41 IST" name="SubmitOrderTest" finished-at="2022-11-16T08:43:00 IST" duration-ms="19583">
      <class name="AutomationTraining.Tests.SubmitOrderTest">
        <test-method is-config="true" signature="lauchApplication()[pri:0, instance:AutomationTraining.Tests.SubmitOrderTest@791f145a]" started-at="2022-11-16T08:42:41 IST" name="lauchApplication" finished-at="2022-11-16T08:42:46 IST" duration-ms="5088" status="PASS">
          <reporter-output>
          </reporter-output>
        </test-method> <!-- lauchApplication -->
        <test-method signature="submitOrder(java.util.HashMap)[pri:0, instance:AutomationTraining.Tests.SubmitOrderTest@791f145a]" started-at="2022-11-16T08:42:46 IST" name="submitOrder" data-provider="getData" finished-at="2022-11-16T08:42:51 IST" duration-ms="5138" status="PASS">
          <params>
            <param index="0">
              <value>
                <![CDATA[{password=TestUser@123, email=testuser123@mail.com, productName=ADIDAS ORIGINAL}]]>
              </value>
            </param>
          </params>
          <reporter-output>
          </reporter-output>
        </test-method> <!-- submitOrder -->
        <test-method is-config="true" signature="tearDown()[pri:0, instance:AutomationTraining.Tests.SubmitOrderTest@791f145a]" started-at="2022-11-16T08:42:51 IST" name="tearDown" finished-at="2022-11-16T08:42:51 IST" duration-ms="251" status="PASS">
          <reporter-output>
          </reporter-output>
        </test-method> <!-- tearDown -->
        <test-method is-config="true" signature="lauchApplication()[pri:0, instance:AutomationTraining.Tests.SubmitOrderTest@791f145a]" started-at="2022-11-16T08:42:51 IST" name="lauchApplication" finished-at="2022-11-16T08:42:56 IST" duration-ms="4523" status="PASS">
          <reporter-output>
          </reporter-output>
        </test-method> <!-- lauchApplication -->
        <test-method signature="submitOrder(java.util.HashMap)[pri:0, instance:AutomationTraining.Tests.SubmitOrderTest@791f145a]" started-at="2022-11-16T08:42:56 IST" name="submitOrder" data-provider="getData" finished-at="2022-11-16T08:43:00 IST" duration-ms="4041" status="PASS">
          <params>
            <param index="0">
              <value>
                <![CDATA[{password=TestUser@123, email=testuser123456@mail.com, productName=ZARA COAT 3}]]>
              </value>
            </param>
          </params>
          <reporter-output>
          </reporter-output>
        </test-method> <!-- submitOrder -->
        <test-method is-config="true" signature="tearDown()[pri:0, instance:AutomationTraining.Tests.SubmitOrderTest@791f145a]" started-at="2022-11-16T08:43:00 IST" name="tearDown" finished-at="2022-11-16T08:43:00 IST" duration-ms="240" status="PASS">
          <reporter-output>
          </reporter-output>
        </test-method> <!-- tearDown -->
      </class> <!-- AutomationTraining.Tests.SubmitOrderTest -->
    </test> <!-- SubmitOrderTest -->
  </suite> <!-- Suite -->
</testng-results>
