<?xml version="1.0" encoding="UTF-8"?>
<testng-results ignored="0" total="1" passed="1" failed="0" skipped="0">
  <reporter-output>
  </reporter-output>
  <suite started-at="2022-11-10T22:10:46 IST" name="Default suite" finished-at="2022-11-10T22:10:57 IST" duration-ms="11090">
    <groups>
    </groups>
    <test started-at="2022-11-10T22:10:46 IST" name="Default test" finished-at="2022-11-10T22:10:57 IST" duration-ms="11090">
      <class name="AutomationTraining.Tests.UsingFrameworkTest">
        <test-method signature="submitOrder()[pri:0, instance:AutomationTraining.Tests.UsingFrameworkTest@2d710f1a]" started-at="2022-11-10T22:10:46 IST" name="submitOrder" finished-at="2022-11-10T22:10:57 IST" duration-ms="11046" status="PASS">
          <reporter-output>
          </reporter-output>
        </test-method> <!-- submitOrder -->
      </class> <!-- AutomationTraining.Tests.UsingFrameworkTest -->
    </test> <!-- Default test -->
  </suite> <!-- Default suite -->
</testng-results>
