<?xml version="1.0" encoding="UTF-8"?>
<!-- Generated by org.testng.reporters.JUnitXMLReporter -->
<testsuite ignored="2" hostname="KOCWX21981" failures="0" tests="0" time="0.012" errors="0" timestamp="2022-11-16T08:42:41 IST">
  <testcase classname="AutomationTraining.Tests.ErrorValidationTest" name="LoginErrorValidation" time="0.0">
    <ignored/>
  </testcase> <!-- LoginErrorValidation -->
  <testcase classname="AutomationTraining.Tests.ErrorValidationTest" name="VerifyOrder" time="0.0">
    <ignored/>
  </testcase> <!-- VerifyOrder -->
</testsuite>
