<?xml version="1.0" encoding="UTF-8"?>
<!-- Generated by org.testng.reporters.JUnitXMLReporter -->
<testsuite ignored="1" hostname="KOCWX21981" failures="0" tests="2" name="SubmitOrderTest" time="26.921" errors="0" timestamp="2022-11-15T21:20:44 IST">
  <testcase classname="AutomationTraining.Tests.SubmitOrderTest" name="submitOrder" time="5.369"/>
  <testcase classname="AutomationTraining.Tests.SubmitOrderTest" name="submitOrder" time="6.015"/>
  <testcase classname="AutomationTraining.Tests.SubmitOrderTest" name="OrderHistoryTest" time="0.0">
    <ignored/>
  </testcase> <!-- OrderHistoryTest -->
</testsuite> <!-- SubmitOrderTest -->
